setting 'ivy.default.settings.dir' to 'jar:file:/home/axiak/bin/sbt-launch.jar!/org/apache/ivy/core/settings'
setting 'ivy.basedir' to '/home/axiak/BigDocuments/wedding-website/weddingBackend/.'
setting 'ivy.default.conf.dir' to 'jar:file:/home/axiak/bin/sbt-launch.jar!/org/apache/ivy/core/settings'
impossible to define new type: class not found: org.apache.ivy.plugins.version.PatternVersionMatcher in [] nor Ivy classloader
impossible to define new type: class not found: org.apache.ivy.plugins.trigger.LogTrigger in [] nor Ivy classloader
impossible to define new type: class not found: org.apache.ivy.plugins.resolver.DualResolver in [] nor Ivy classloader
impossible to define new type: class not found: org.apache.ivy.plugins.resolver.VsftpResolver in [] nor Ivy classloader
impossible to define new type: class not found: org.apache.ivy.plugins.conflict.RegexpConflictManager in [] nor Ivy classloader
impossible to define new type: class not found: org.apache.ivy.plugins.resolver.SshResolver in [] nor Ivy classloader
impossible to define new type: class not found: org.apache.ivy.plugins.resolver.VfsResolver in [] nor Ivy classloader
impossible to define new type: class not found: org.apache.ivy.plugins.signer.bouncycastle.OpenPGPSignatureGenerator in [] nor Ivy classloader
impossible to define new type: class not found: org.apache.ivy.plugins.resolver.SFTPResolver in [] nor Ivy classloader
impossible to define new type: class not found: org.apache.ivy.plugins.resolver.packager.PackagerResolver in [] nor Ivy classloader
impossible to define new type: class not found: org.apache.ivy.ant.AntCallTrigger in [] nor Ivy classloader
impossible to define new type: class not found: org.apache.ivy.plugins.resolver.IvyRepResolver in [] nor Ivy classloader
impossible to define new type: class not found: org.apache.ivy.ant.AntBuildTrigger in [] nor Ivy classloader
impossible to define glob matcher: org.apache.ivy.plugins.matcher.GlobPatternMatcher was not found.
setting 'java.runtime.name' to 'OpenJDK Runtime Environment'
setting 'sun.boot.library.path' to '/usr/lib/jvm/java-6-openjdk-amd64/jre/lib/amd64'
setting 'java.vm.version' to '20.0-b12'
setting 'jline.terminal' to 'jline.UnsupportedTerminal'
setting 'java.vm.vendor' to 'Sun Microsystems Inc.'
setting 'java.vendor.url' to 'http://java.sun.com/'
setting 'path.separator' to ':'
setting 'java.vm.name' to 'OpenJDK 64-Bit Server VM'
setting 'file.encoding.pkg' to 'sun.io'
setting 'sun.java.launcher' to 'SUN_STANDARD'
setting 'user.country' to 'US'
setting 'sun.os.patch.level' to 'unknown'
setting 'java.vm.specification.name' to 'Java Virtual Machine Specification'
setting 'user.dir' to '/home/axiak/BigDocuments/wedding-website/weddingBackend'
setting 'java.runtime.version' to '1.6.0_24-b24'
setting 'java.awt.graphicsenv' to 'sun.awt.X11GraphicsEnvironment'
setting 'java.endorsed.dirs' to '/usr/lib/jvm/java-6-openjdk-amd64/jre/lib/endorsed'
setting 'os.arch' to 'amd64'
setting 'java.io.tmpdir' to '/tmp'
setting 'line.separator' to '
'
setting 'java.vm.specification.vendor' to 'Sun Microsystems Inc.'
setting 'os.name' to 'Linux'
setting 'sbt.log.noformat' to 'true'
setting 'sun.jnu.encoding' to 'UTF-8'
setting 'java.library.path' to '/usr/lib/jvm/java-6-openjdk-amd64/jre/lib/amd64/server:/usr/lib/jvm/java-6-openjdk-amd64/jre/lib/amd64:/usr/lib/jvm/java-6-openjdk-amd64/jre/../lib/amd64:/opt/idea-IU/bin::/usr/java/packages/lib/amd64:/usr/lib/x86_64-linux-gnu/jni:/lib/x86_64-linux-gnu:/usr/lib/x86_64-linux-gnu:/usr/lib/jni:/lib:/usr/lib'
setting 'java.specification.name' to 'Java Platform API Specification'
setting 'java.class.version' to '50.0'
setting 'sun.management.compiler' to 'HotSpot 64-Bit Tiered Compilers'
setting 'os.version' to '3.2.0-29-generic'
setting 'user.home' to '/home/axiak'
setting 'user.timezone' to 'America/New_York'
setting 'java.awt.printerjob' to 'sun.print.PSPrinterJob'
setting 'file.encoding' to 'UTF-8'
setting 'java.specification.version' to '1.6'
setting 'java.class.path' to '/home/axiak/bin/sbt-launch.jar'
setting 'user.name' to 'axiak'
setting 'java.vm.specification.version' to '1.0'
setting 'sun.java.command' to '/home/axiak/bin/sbt-launch.jar'
setting 'java.home' to '/usr/lib/jvm/java-6-openjdk-amd64/jre'
setting 'sun.arch.data.model' to '64'
setting 'user.language' to 'en'
setting 'java.specification.vendor' to 'Sun Microsystems Inc.'
setting 'java.vm.info' to 'mixed mode'
setting 'java.version' to '1.6.0_24'
setting 'java.ext.dirs' to '/usr/lib/jvm/java-6-openjdk-amd64/jre/lib/ext:/usr/java/packages/lib/ext'
setting 'sun.boot.class.path' to '/usr/lib/jvm/java-6-openjdk-amd64/jre/lib/resources.jar:/usr/lib/jvm/java-6-openjdk-amd64/jre/lib/rt.jar:/usr/lib/jvm/java-6-openjdk-amd64/jre/lib/sunrsasign.jar:/usr/lib/jvm/java-6-openjdk-amd64/jre/lib/jsse.jar:/usr/lib/jvm/java-6-openjdk-amd64/jre/lib/jce.jar:/usr/lib/jvm/java-6-openjdk-amd64/jre/lib/charsets.jar:/usr/lib/jvm/java-6-openjdk-amd64/jre/lib/netx.jar:/usr/lib/jvm/java-6-openjdk-amd64/jre/lib/plugin.jar:/usr/lib/jvm/java-6-openjdk-amd64/jre/lib/rhino.jar:/usr/lib/jvm/java-6-openjdk-amd64/jre/lib/modules/jdk.boot.jar:/usr/lib/jvm/java-6-openjdk-amd64/jre/classes'
setting 'java.vendor' to 'Sun Microsystems Inc.'
setting 'file.separator' to '/'
setting 'java.vendor.url.bug' to 'http://java.sun.com/cgi-bin/bugreport.cgi'
setting 'sun.io.unicode.encoding' to 'UnicodeLittle'
setting 'sun.cpu.endian' to 'little'
setting 'sun.desktop' to 'gnome'
setting 'sun.cpu.isalist' to ''
setting 'ivy.default.ivy.user.dir' to '/home/axiak/.ivy2'
setting 'ivy.home' to '/home/axiak/.ivy2'
setting 'ivy.cache.dir' to '/home/axiak/.ivy2/cache'
no default cache defined: set to /home/axiak/.ivy2/cache
setting 'ivy.checksums' to 'sha1,md5'
setting 'ivy.basedir' to '/home/axiak/BigDocuments/wedding-website/weddingBackend/project/boot'
setting 'basedir' to '/home/axiak/BigDocuments/wedding-website/weddingBackend/project/boot'
setting 'scala' to '2.8.1'
:: resolving dependencies :: org.scala-tools.sbt#boot-app;1.0
	confs: [default]
	validate = true
	refresh = false
resolving dependencies for configuration 'default'
== resolving dependencies for org.scala-tools.sbt#boot-app;1.0 [default]
loadData of org.scala-tools.sbt#boot-app;1.0 of rootConf=default
== resolving dependencies org.scala-tools.sbt#boot-app;1.0->org.scala-tools.sbt#sbt_2.8.1;0.11.3 [default->default(compile)]
loadData of org.scala-tools.sbt#sbt_2.8.1;0.11.3 of rootConf=default
	using redefined-public to resolve org.scala-tools.sbt#sbt_2.8.1;0.11.3
redefined-public: Checking cache for: dependency: org.scala-tools.sbt#sbt_2.8.1;0.11.3 {default=[default(compile)]}
redefined-public: no namespace defined: using system
	no ivy file in cache for org.scala-tools.sbt#sbt_2.8.1;0.11.3: tried /home/axiak/.ivy2/cache/org.scala-tools.sbt/sbt_2.8.1/ivy-0.11.3.xml
redefined-public: no latest strategy defined: using default
local: no namespace defined: using system
	no ivy file in cache for org.scala-tools.sbt#sbt_2.8.1;0.11.3: tried /home/axiak/.ivy2/cache/org.scala-tools.sbt/sbt_2.8.1/ivy-0.11.3.xml
	 trying /home/axiak/.ivy2/local/org.scala-tools.sbt/sbt_2.8.1/0.11.3/ivys/ivy.xml
		tried /home/axiak/.ivy2/local/org.scala-tools.sbt/sbt_2.8.1/0.11.3/ivys/ivy.xml
	local: resource not reachable for org.scala-tools.sbt#sbt_2.8.1;0.11.3: res=/home/axiak/.ivy2/local/org.scala-tools.sbt/sbt_2.8.1/0.11.3/ivys/ivy.xml
	 trying /home/axiak/.ivy2/local/org.scala-tools.sbt/sbt_2.8.1/0.11.3/jars/sbt_2.8.1.jar
		tried /home/axiak/.ivy2/local/org.scala-tools.sbt/sbt_2.8.1/0.11.3/jars/sbt_2.8.1.jar
	local: resource not reachable for org.scala-tools.sbt#sbt_2.8.1;0.11.3: res=/home/axiak/.ivy2/local/org.scala-tools.sbt/sbt_2.8.1/0.11.3/jars/sbt_2.8.1.jar
	local: no ivy file nor artifact found for org.scala-tools.sbt#sbt_2.8.1;0.11.3
Maven2 Local: no namespace defined: using system
	no ivy file in cache for org.scala-tools.sbt#sbt_2.8.1;0.11.3: tried /home/axiak/.ivy2/cache/org.scala-tools.sbt/sbt_2.8.1/ivy-0.11.3.xml
	 trying file:///home/axiak/.m2/repository/org/scala-tools/sbt/sbt_2.8.1/0.11.3/sbt_2.8.1-0.11.3.pom
		tried file:///home/axiak/.m2/repository/org/scala-tools/sbt/sbt_2.8.1/0.11.3/sbt_2.8.1-0.11.3.pom
	Maven2 Local: resource not reachable for org/scala-tools/sbt#sbt_2.8.1;0.11.3: res=file:/home/axiak/.m2/repository/org/scala-tools/sbt/sbt_2.8.1/0.11.3/sbt_2.8.1-0.11.3.pom
	 trying file:///home/axiak/.m2/repository/org/scala-tools/sbt/sbt_2.8.1/0.11.3/sbt_2.8.1-0.11.3.jar
		tried file:///home/axiak/.m2/repository/org/scala-tools/sbt/sbt_2.8.1/0.11.3/sbt_2.8.1-0.11.3.jar
	Maven2 Local: resource not reachable for org/scala-tools/sbt#sbt_2.8.1;0.11.3: res=file:/home/axiak/.m2/repository/org/scala-tools/sbt/sbt_2.8.1/0.11.3/sbt_2.8.1-0.11.3.jar
	Maven2 Local: no ivy file nor artifact found for org.scala-tools.sbt#sbt_2.8.1;0.11.3
typesafe-ivy-releases: no namespace defined: using system
	no ivy file in cache for org.scala-tools.sbt#sbt_2.8.1;0.11.3: tried /home/axiak/.ivy2/cache/org.scala-tools.sbt/sbt_2.8.1/ivy-0.11.3.xml
	 trying http://repo.typesafe.com/typesafe/ivy-releases/org.scala-tools.sbt/sbt_2.8.1/0.11.3/ivys/ivy.xml
		tried http://repo.typesafe.com/typesafe/ivy-releases/org.scala-tools.sbt/sbt_2.8.1/0.11.3/ivys/ivy.xml
HTTP response status: 404 url=http://repo.typesafe.com/typesafe/ivy-releases/org.scala-tools.sbt/sbt_2.8.1/0.11.3/ivys/ivy.xml
CLIENT ERROR: Not Found url=http://repo.typesafe.com/typesafe/ivy-releases/org.scala-tools.sbt/sbt_2.8.1/0.11.3/ivys/ivy.xml
	typesafe-ivy-releases: resource not reachable for org.scala-tools.sbt#sbt_2.8.1;0.11.3: res=http://repo.typesafe.com/typesafe/ivy-releases/org.scala-tools.sbt/sbt_2.8.1/0.11.3/ivys/ivy.xml
	 trying http://repo.typesafe.com/typesafe/ivy-releases/org.scala-tools.sbt/sbt_2.8.1/0.11.3/jars/sbt_2.8.1.jar
		tried http://repo.typesafe.com/typesafe/ivy-releases/org.scala-tools.sbt/sbt_2.8.1/0.11.3/jars/sbt_2.8.1.jar
HTTP response status: 404 url=http://repo.typesafe.com/typesafe/ivy-releases/org.scala-tools.sbt/sbt_2.8.1/0.11.3/jars/sbt_2.8.1.jar
CLIENT ERROR: Not Found url=http://repo.typesafe.com/typesafe/ivy-releases/org.scala-tools.sbt/sbt_2.8.1/0.11.3/jars/sbt_2.8.1.jar
	typesafe-ivy-releases: resource not reachable for org.scala-tools.sbt#sbt_2.8.1;0.11.3: res=http://repo.typesafe.com/typesafe/ivy-releases/org.scala-tools.sbt/sbt_2.8.1/0.11.3/jars/sbt_2.8.1.jar
	typesafe-ivy-releases: no ivy file nor artifact found for org.scala-tools.sbt#sbt_2.8.1;0.11.3
Maven Central: no namespace defined: using system
	no ivy file in cache for org.scala-tools.sbt#sbt_2.8.1;0.11.3: tried /home/axiak/.ivy2/cache/org.scala-tools.sbt/sbt_2.8.1/ivy-0.11.3.xml
	 trying http://repo1.maven.org/maven2/org/scala-tools/sbt/sbt_2.8.1/0.11.3/sbt_2.8.1-0.11.3.pom
		tried http://repo1.maven.org/maven2/org/scala-tools/sbt/sbt_2.8.1/0.11.3/sbt_2.8.1-0.11.3.pom
HTTP response status: 404 url=http://repo1.maven.org/maven2/org/scala-tools/sbt/sbt_2.8.1/0.11.3/sbt_2.8.1-0.11.3.pom
CLIENT ERROR: Not Found url=http://repo1.maven.org/maven2/org/scala-tools/sbt/sbt_2.8.1/0.11.3/sbt_2.8.1-0.11.3.pom
	Maven Central: resource not reachable for org/scala-tools/sbt#sbt_2.8.1;0.11.3: res=http://repo1.maven.org/maven2/org/scala-tools/sbt/sbt_2.8.1/0.11.3/sbt_2.8.1-0.11.3.pom
	 trying http://repo1.maven.org/maven2/org/scala-tools/sbt/sbt_2.8.1/0.11.3/sbt_2.8.1-0.11.3.jar
		tried http://repo1.maven.org/maven2/org/scala-tools/sbt/sbt_2.8.1/0.11.3/sbt_2.8.1-0.11.3.jar
HTTP response status: 404 url=http://repo1.maven.org/maven2/org/scala-tools/sbt/sbt_2.8.1/0.11.3/sbt_2.8.1-0.11.3.jar
CLIENT ERROR: Not Found url=http://repo1.maven.org/maven2/org/scala-tools/sbt/sbt_2.8.1/0.11.3/sbt_2.8.1-0.11.3.jar
	Maven Central: resource not reachable for org/scala-tools/sbt#sbt_2.8.1;0.11.3: res=http://repo1.maven.org/maven2/org/scala-tools/sbt/sbt_2.8.1/0.11.3/sbt_2.8.1-0.11.3.jar
	Maven Central: no ivy file nor artifact found for org.scala-tools.sbt#sbt_2.8.1;0.11.3
Scala-Tools Maven2 Repository: no namespace defined: using system
	no ivy file in cache for org.scala-tools.sbt#sbt_2.8.1;0.11.3: tried /home/axiak/.ivy2/cache/org.scala-tools.sbt/sbt_2.8.1/ivy-0.11.3.xml
	 trying http://scala-tools.org/repo-releases/org/scala-tools/sbt/sbt_2.8.1/0.11.3/sbt_2.8.1-0.11.3.pom
		tried http://scala-tools.org/repo-releases/org/scala-tools/sbt/sbt_2.8.1/0.11.3/sbt_2.8.1-0.11.3.pom
HTTP response status: 404 url=http://scala-tools.org/repo-releases/org/scala-tools/sbt/sbt_2.8.1/0.11.3/sbt_2.8.1-0.11.3.pom
CLIENT ERROR: Not Found url=http://scala-tools.org/repo-releases/org/scala-tools/sbt/sbt_2.8.1/0.11.3/sbt_2.8.1-0.11.3.pom
	Scala-Tools Maven2 Repository: resource not reachable for org/scala-tools/sbt#sbt_2.8.1;0.11.3: res=http://scala-tools.org/repo-releases/org/scala-tools/sbt/sbt_2.8.1/0.11.3/sbt_2.8.1-0.11.3.pom
	 trying http://scala-tools.org/repo-releases/org/scala-tools/sbt/sbt_2.8.1/0.11.3/sbt_2.8.1-0.11.3.jar
		tried http://scala-tools.org/repo-releases/org/scala-tools/sbt/sbt_2.8.1/0.11.3/sbt_2.8.1-0.11.3.jar
HTTP response status: 404 url=http://scala-tools.org/repo-releases/org/scala-tools/sbt/sbt_2.8.1/0.11.3/sbt_2.8.1-0.11.3.jar
CLIENT ERROR: Not Found url=http://scala-tools.org/repo-releases/org/scala-tools/sbt/sbt_2.8.1/0.11.3/sbt_2.8.1-0.11.3.jar
	Scala-Tools Maven2 Repository: resource not reachable for org/scala-tools/sbt#sbt_2.8.1;0.11.3: res=http://scala-tools.org/repo-releases/org/scala-tools/sbt/sbt_2.8.1/0.11.3/sbt_2.8.1-0.11.3.jar
	Scala-Tools Maven2 Repository: no ivy file nor artifact found for org.scala-tools.sbt#sbt_2.8.1;0.11.3
Scala-Tools Maven2 Snapshots Repository: no namespace defined: using system
	no ivy file in cache for org.scala-tools.sbt#sbt_2.8.1;0.11.3: tried /home/axiak/.ivy2/cache/org.scala-tools.sbt/sbt_2.8.1/ivy-0.11.3.xml
	 trying http://scala-tools.org/repo-snapshots/org/scala-tools/sbt/sbt_2.8.1/0.11.3/sbt_2.8.1-0.11.3.pom
		tried http://scala-tools.org/repo-snapshots/org/scala-tools/sbt/sbt_2.8.1/0.11.3/sbt_2.8.1-0.11.3.pom
HTTP response status: 404 url=http://scala-tools.org/repo-snapshots/org/scala-tools/sbt/sbt_2.8.1/0.11.3/sbt_2.8.1-0.11.3.pom
CLIENT ERROR: Not Found url=http://scala-tools.org/repo-snapshots/org/scala-tools/sbt/sbt_2.8.1/0.11.3/sbt_2.8.1-0.11.3.pom
	Scala-Tools Maven2 Snapshots Repository: resource not reachable for org/scala-tools/sbt#sbt_2.8.1;0.11.3: res=http://scala-tools.org/repo-snapshots/org/scala-tools/sbt/sbt_2.8.1/0.11.3/sbt_2.8.1-0.11.3.pom
	 trying http://scala-tools.org/repo-snapshots/org/scala-tools/sbt/sbt_2.8.1/0.11.3/sbt_2.8.1-0.11.3.jar
		tried http://scala-tools.org/repo-snapshots/org/scala-tools/sbt/sbt_2.8.1/0.11.3/sbt_2.8.1-0.11.3.jar
HTTP response status: 404 url=http://scala-tools.org/repo-snapshots/org/scala-tools/sbt/sbt_2.8.1/0.11.3/sbt_2.8.1-0.11.3.jar
CLIENT ERROR: Not Found url=http://scala-tools.org/repo-snapshots/org/scala-tools/sbt/sbt_2.8.1/0.11.3/sbt_2.8.1-0.11.3.jar
	Scala-Tools Maven2 Snapshots Repository: resource not reachable for org/scala-tools/sbt#sbt_2.8.1;0.11.3: res=http://scala-tools.org/repo-snapshots/org/scala-tools/sbt/sbt_2.8.1/0.11.3/sbt_2.8.1-0.11.3.jar
	Scala-Tools Maven2 Snapshots Repository: no ivy file nor artifact found for org.scala-tools.sbt#sbt_2.8.1;0.11.3
WARN: 	module not found: org.scala-tools.sbt#sbt_2.8.1;0.11.3
WARN: ==== local: tried
WARN:   /home/axiak/.ivy2/local/org.scala-tools.sbt/sbt_2.8.1/0.11.3/ivys/ivy.xml
WARN:   -- artifact org.scala-tools.sbt#sbt_2.8.1;0.11.3!sbt_2.8.1.jar:
WARN:   /home/axiak/.ivy2/local/org.scala-tools.sbt/sbt_2.8.1/0.11.3/jars/sbt_2.8.1.jar
WARN: ==== Maven2 Local: tried
WARN:   file:///home/axiak/.m2/repository/org/scala-tools/sbt/sbt_2.8.1/0.11.3/sbt_2.8.1-0.11.3.pom
WARN:   -- artifact org.scala-tools.sbt#sbt_2.8.1;0.11.3!sbt_2.8.1.jar:
WARN:   file:///home/axiak/.m2/repository/org/scala-tools/sbt/sbt_2.8.1/0.11.3/sbt_2.8.1-0.11.3.jar
WARN: ==== typesafe-ivy-releases: tried
WARN:   http://repo.typesafe.com/typesafe/ivy-releases/org.scala-tools.sbt/sbt_2.8.1/0.11.3/ivys/ivy.xml
WARN:   -- artifact org.scala-tools.sbt#sbt_2.8.1;0.11.3!sbt_2.8.1.jar:
WARN:   http://repo.typesafe.com/typesafe/ivy-releases/org.scala-tools.sbt/sbt_2.8.1/0.11.3/jars/sbt_2.8.1.jar
WARN: ==== Maven Central: tried
WARN:   http://repo1.maven.org/maven2/org/scala-tools/sbt/sbt_2.8.1/0.11.3/sbt_2.8.1-0.11.3.pom
WARN:   -- artifact org.scala-tools.sbt#sbt_2.8.1;0.11.3!sbt_2.8.1.jar:
WARN:   http://repo1.maven.org/maven2/org/scala-tools/sbt/sbt_2.8.1/0.11.3/sbt_2.8.1-0.11.3.jar
WARN: ==== Scala-Tools Maven2 Repository: tried
WARN:   http://scala-tools.org/repo-releases/org/scala-tools/sbt/sbt_2.8.1/0.11.3/sbt_2.8.1-0.11.3.pom
WARN:   -- artifact org.scala-tools.sbt#sbt_2.8.1;0.11.3!sbt_2.8.1.jar:
WARN:   http://scala-tools.org/repo-releases/org/scala-tools/sbt/sbt_2.8.1/0.11.3/sbt_2.8.1-0.11.3.jar
WARN: ==== Scala-Tools Maven2 Snapshots Repository: tried
WARN:   http://scala-tools.org/repo-snapshots/org/scala-tools/sbt/sbt_2.8.1/0.11.3/sbt_2.8.1-0.11.3.pom
WARN:   -- artifact org.scala-tools.sbt#sbt_2.8.1;0.11.3!sbt_2.8.1.jar:
WARN:   http://scala-tools.org/repo-snapshots/org/scala-tools/sbt/sbt_2.8.1/0.11.3/sbt_2.8.1-0.11.3.jar
Nbr of module to sort : 0
	resolved ivy file produced in /home/axiak/.ivy2/cache/resolved-org.scala-tools.sbt-boot-app-1.0.xml
:: downloading artifacts ::
:: resolution report :: resolve 1624ms :: artifacts dl 0ms
WARN: 	::::::::::::::::::::::::::::::::::::::::::::::
WARN: 	::          UNRESOLVED DEPENDENCIES         ::
WARN: 	::::::::::::::::::::::::::::::::::::::::::::::
WARN: 	:: org.scala-tools.sbt#sbt_2.8.1;0.11.3: not found
WARN: 	::::::::::::::::::::::::::::::::::::::::::::::

Nbr of module to sort : 0
	report for org.scala-tools.sbt#boot-app;1.0 default produced in /home/axiak/.ivy2/cache/org.scala-tools.sbt-boot-app-default.xml
	resolve done (1624ms resolve - 0ms download)

:: problems summary ::
:::: WARNINGS
		module not found: org.scala-tools.sbt#sbt_2.8.1;0.11.3

	==== local: tried

	  /home/axiak/.ivy2/local/org.scala-tools.sbt/sbt_2.8.1/0.11.3/ivys/ivy.xml

	  -- artifact org.scala-tools.sbt#sbt_2.8.1;0.11.3!sbt_2.8.1.jar:

	  /home/axiak/.ivy2/local/org.scala-tools.sbt/sbt_2.8.1/0.11.3/jars/sbt_2.8.1.jar

	==== Maven2 Local: tried

	  file:///home/axiak/.m2/repository/org/scala-tools/sbt/sbt_2.8.1/0.11.3/sbt_2.8.1-0.11.3.pom

	  -- artifact org.scala-tools.sbt#sbt_2.8.1;0.11.3!sbt_2.8.1.jar:

	  file:///home/axiak/.m2/repository/org/scala-tools/sbt/sbt_2.8.1/0.11.3/sbt_2.8.1-0.11.3.jar

	==== typesafe-ivy-releases: tried

	  http://repo.typesafe.com/typesafe/ivy-releases/org.scala-tools.sbt/sbt_2.8.1/0.11.3/ivys/ivy.xml

	  -- artifact org.scala-tools.sbt#sbt_2.8.1;0.11.3!sbt_2.8.1.jar:

	  http://repo.typesafe.com/typesafe/ivy-releases/org.scala-tools.sbt/sbt_2.8.1/0.11.3/jars/sbt_2.8.1.jar

	==== Maven Central: tried

	  http://repo1.maven.org/maven2/org/scala-tools/sbt/sbt_2.8.1/0.11.3/sbt_2.8.1-0.11.3.pom

	  -- artifact org.scala-tools.sbt#sbt_2.8.1;0.11.3!sbt_2.8.1.jar:

	  http://repo1.maven.org/maven2/org/scala-tools/sbt/sbt_2.8.1/0.11.3/sbt_2.8.1-0.11.3.jar

	==== Scala-Tools Maven2 Repository: tried

	  http://scala-tools.org/repo-releases/org/scala-tools/sbt/sbt_2.8.1/0.11.3/sbt_2.8.1-0.11.3.pom

	  -- artifact org.scala-tools.sbt#sbt_2.8.1;0.11.3!sbt_2.8.1.jar:

	  http://scala-tools.org/repo-releases/org/scala-tools/sbt/sbt_2.8.1/0.11.3/sbt_2.8.1-0.11.3.jar

	==== Scala-Tools Maven2 Snapshots Repository: tried

	  http://scala-tools.org/repo-snapshots/org/scala-tools/sbt/sbt_2.8.1/0.11.3/sbt_2.8.1-0.11.3.pom

	  -- artifact org.scala-tools.sbt#sbt_2.8.1;0.11.3!sbt_2.8.1.jar:

	  http://scala-tools.org/repo-snapshots/org/scala-tools/sbt/sbt_2.8.1/0.11.3/sbt_2.8.1-0.11.3.jar

		::::::::::::::::::::::::::::::::::::::::::::::

		::          UNRESOLVED DEPENDENCIES         ::

		::::::::::::::::::::::::::::::::::::::::::::::

		:: org.scala-tools.sbt#sbt_2.8.1;0.11.3: not found

		::::::::::::::::::::::::::::::::::::::::::::::



:: USE VERBOSE OR DEBUG MESSAGE LEVEL FOR MORE DETAILS
java.lang.RuntimeException: not found
	at org.apache.ivy.core.resolve.IvyNode.loadData(IvyNode.java:237)
	at org.apache.ivy.core.resolve.VisitNode.loadData(VisitNode.java:287)
	at org.apache.ivy.core.resolve.ResolveEngine.fetchDependencies(ResolveEngine.java:696)
	at org.apache.ivy.core.resolve.ResolveEngine.doFetchDependencies(ResolveEngine.java:781)
	at org.apache.ivy.core.resolve.ResolveEngine.fetchDependencies(ResolveEngine.java:704)
	at org.apache.ivy.core.resolve.ResolveEngine.getDependencies(ResolveEngine.java:576)
	at org.apache.ivy.core.resolve.ResolveEngine.resolve(ResolveEngine.java:237)
	at xsbt.boot.Update.xsbt$boot$Update$$lockedApply(Pre.scala:84)
	at xsbt.boot.Update$$anon$3.call(Update.scala:78)
	at xsbt.boot.Locks$GlobalLock.withChannel$1(Locks.scala:75)
	at xsbt.boot.Locks$GlobalLock.withChannelRetries$1(Locks.scala:58)
	at xsbt.boot.Locks$GlobalLock$$anonfun$withFileLock$1.apply(Locks.scala:79)
	at xsbt.boot.Using$.withResource(Using.scala:11)
	at xsbt.boot.Using$.apply(Using.scala:10)
	at xsbt.boot.Locks$GlobalLock.liftedTree1$1(Locks.scala:51)
	at xsbt.boot.Locks$GlobalLock.withLock(Locks.scala:51)
	at xsbt.boot.Locks$.apply0(Locks.scala:30)
	at xsbt.boot.Locks$.apply(Locks.scala:27)
	at xsbt.boot.Update.apply(Pre.scala:79)
	at xsbt.boot.Provider$initialize.call(Provider.scala:34)
	at xsbt.boot.Locks$GlobalLock.withChannel$1(Locks.scala:75)
	at xsbt.boot.Locks$GlobalLock.withChannelRetries$1(Locks.scala:58)
	at xsbt.boot.Locks$GlobalLock$$anonfun$withFileLock$1.apply(Locks.scala:79)
	at xsbt.boot.Using$.withResource(Using.scala:11)
	at xsbt.boot.Using$.apply(Using.scala:10)
	at xsbt.boot.Locks$GlobalLock.liftedTree1$1(Locks.scala:51)
	at xsbt.boot.Locks$GlobalLock.withLock(Locks.scala:51)
	at xsbt.boot.Locks$.apply0(Locks.scala:30)
	at xsbt.boot.Locks$.apply(Locks.scala:27)
	at scala.collection.Iterable$class.$init$(Proxy.scala:32)
	at xsbt.boot.Launch$ScalaProvider$AppProvider.<init>(Launch.scala:127)
	at xsbt.boot.Launch$ScalaProvider.app(Launch.scala:125)
	at xsbt.boot.Launch$.run(Launch.scala:50)
	at xsbt.boot.Launch$$anonfun$explicit$1.apply(Launch.scala:43)
	at xsbt.boot.Launch$.launch(Launch.scala:68)
	at xsbt.boot.Launch$.apply(Launch.scala:14)
	at xsbt.boot.Boot$.runImpl(Boot.scala:24)
	at xsbt.boot.Boot$.main(Boot.scala:15)
	at xsbt.boot.Boot.main(Boot.scala)
Error during sbt execution: Error retrieving required libraries
	at xsbt.boot.Pre$.error(Pre.scala:19)
	at xsbt.boot.Update.xsbt$boot$Update$$lockedApply(Pre.scala:84)
	at xsbt.boot.Update$$anon$3.call(Update.scala:78)
	at xsbt.boot.Locks$GlobalLock.withChannel$1(Locks.scala:75)
	at xsbt.boot.Locks$GlobalLock.withChannelRetries$1(Locks.scala:58)
	at xsbt.boot.Locks$GlobalLock$$anonfun$withFileLock$1.apply(Locks.scala:79)
	at xsbt.boot.Using$.withResource(Using.scala:11)
	at xsbt.boot.Using$.apply(Using.scala:10)
	at xsbt.boot.Locks$GlobalLock.liftedTree1$1(Locks.scala:51)
	at xsbt.boot.Locks$GlobalLock.withLock(Locks.scala:51)
	at xsbt.boot.Locks$.apply0(Locks.scala:30)
	at xsbt.boot.Locks$.apply(Locks.scala:27)
	at xsbt.boot.Update.apply(Pre.scala:79)
	at xsbt.boot.Provider$initialize.call(Provider.scala:34)
	at xsbt.boot.Locks$GlobalLock.withChannel$1(Locks.scala:75)
	at xsbt.boot.Locks$GlobalLock.withChannelRetries$1(Locks.scala:58)
	at xsbt.boot.Locks$GlobalLock$$anonfun$withFileLock$1.apply(Locks.scala:79)
	at xsbt.boot.Using$.withResource(Using.scala:11)
	at xsbt.boot.Using$.apply(Using.scala:10)
	at xsbt.boot.Locks$GlobalLock.liftedTree1$1(Locks.scala:51)
	at xsbt.boot.Locks$GlobalLock.withLock(Locks.scala:51)
	at xsbt.boot.Locks$.apply0(Locks.scala:30)
	at xsbt.boot.Locks$.apply(Locks.scala:27)
	at scala.collection.Iterable$class.$init$(Proxy.scala:32)
	at xsbt.boot.Launch$ScalaProvider$AppProvider.<init>(Launch.scala:127)
	at xsbt.boot.Launch$ScalaProvider.app(Launch.scala:125)
	at xsbt.boot.Launch$.run(Launch.scala:50)
	at xsbt.boot.Launch$$anonfun$explicit$1.apply(Launch.scala:43)
	at xsbt.boot.Launch$.launch(Launch.scala:68)
	at xsbt.boot.Launch$.apply(Launch.scala:14)
	at xsbt.boot.Boot$.runImpl(Boot.scala:24)
	at xsbt.boot.Boot$.main(Boot.scala:15)
	at xsbt.boot.Boot.main(Boot.scala)
Error during sbt execution: Error retrieving required libraries
